<?xml version="1.0" encoding="UTF-8"?>
<testng-results ignored="0" total="1" passed="1" failed="0" skipped="0">
  <reporter-output>
  </reporter-output>
  <suite started-at="2024-12-05T19:42:42 IST" name="Suite" finished-at="2024-12-05T19:42:42 IST" duration-ms="100">
    <groups>
    </groups>
    <test started-at="2024-12-05T19:42:42 IST" name="Test" finished-at="2024-12-05T19:42:42 IST" duration-ms="100">
      <class name="com.ParallelTesting.RepeatedTest">
        <test-method signature="repeatTest(int)[pri:0, instance:com.ParallelTesting.RepeatedTest@35b74c5c]" started-at="2024-12-05T19:42:42 IST" name="repeatTest" finished-at="2024-12-05T19:42:42 IST" duration-ms="19" status="PASS">
          <params>
            <param index="0">
              <value>
                <![CDATA[10]]>
              </value>
            </param>
          </params>
          <reporter-output>
          </reporter-output>
        </test-method> <!-- repeatTest -->
      </class> <!-- com.ParallelTesting.RepeatedTest -->
    </test> <!-- Test -->
  </suite> <!-- Suite -->
</testng-results>
